running develop
running egg_info
creating ros2_term_project.egg-info
writing ros2_term_project.egg-info/PKG-INFO
writing dependency_links to ros2_term_project.egg-info/dependency_links.txt
writing entry points to ros2_term_project.egg-info/entry_points.txt
writing requirements to ros2_term_project.egg-info/requires.txt
writing top-level names to ros2_term_project.egg-info/top_level.txt
writing manifest file 'ros2_term_project.egg-info/SOURCES.txt'
reading manifest file 'ros2_term_project.egg-info/SOURCES.txt'
writing manifest file 'ros2_term_project.egg-info/SOURCES.txt'
running build_ext
Creating /home/ros2/AutoCar/Ros-Project/ros2_term_project/install/ros2_term_project/lib/python3.8/site-packages/site.py
Creating /home/ros2/AutoCar/Ros-Project/ros2_term_project/install/ros2_term_project/lib/python3.8/site-packages/ros2-term-project.egg-link (link to .)

Installed /home/ros2/AutoCar/Ros-Project/ros2_term_project/build/ros2_term_project
running install_data
creating /home/ros2/AutoCar/Ros-Project/ros2_term_project/install/ros2_term_project/share/ament_index
creating /home/ros2/AutoCar/Ros-Project/ros2_term_project/install/ros2_term_project/share/ament_index/resource_index
creating /home/ros2/AutoCar/Ros-Project/ros2_term_project/install/ros2_term_project/share/ament_index/resource_index/packages
copying resource/ros2_term_project -> /home/ros2/AutoCar/Ros-Project/ros2_term_project/install/ros2_term_project/share/ament_index/resource_index/packages
copying package.xml -> /home/ros2/AutoCar/Ros-Project/ros2_term_project/install/ros2_term_project/share/ros2_term_project
creating /home/ros2/AutoCar/Ros-Project/ros2_term_project/install/ros2_term_project/share/ros2_term_project/launch
copying launch/car_sim.launch.py -> /home/ros2/AutoCar/Ros-Project/ros2_term_project/install/ros2_term_project/share/ros2_term_project/launch
creating /home/ros2/AutoCar/Ros-Project/ros2_term_project/install/ros2_term_project/share/ros2_term_project/worlds
copying worlds/car_track.world.2 -> /home/ros2/AutoCar/Ros-Project/ros2_term_project/install/ros2_term_project/share/ros2_term_project/worlds
copying worlds/ros2_car_track_thick_lines.png -> /home/ros2/AutoCar/Ros-Project/ros2_term_project/install/ros2_term_project/share/ros2_term_project/worlds
copying worlds/car_track.world.1 -> /home/ros2/AutoCar/Ros-Project/ros2_term_project/install/ros2_term_project/share/ros2_term_project/worlds
copying worlds/ros2_car_track.png -> /home/ros2/AutoCar/Ros-Project/ros2_term_project/install/ros2_term_project/share/ros2_term_project/worlds
copying worlds/car_track.world -> /home/ros2/AutoCar/Ros-Project/ros2_term_project/install/ros2_term_project/share/ros2_term_project/worlds
copying worlds/course.material -> /home/ros2/AutoCar/Ros-Project/ros2_term_project/install/ros2_term_project/share/ros2_term_project/worlds
copying worlds/car_track.world.0 -> /home/ros2/AutoCar/Ros-Project/ros2_term_project/install/ros2_term_project/share/ros2_term_project/worlds
