[0.769s] Invoking command in '/home/ros2/AutoCar/Ros-Project/ros2_term_project/build/ros2_term_project': PYTHONPATH=/home/ros2/AutoCar/Ros-Project/ros2_term_project/install/ros2_term_project/lib/python3.8/site-packages:${PYTHONPATH} /usr/bin/python3 setup.py develop --prefix /home/ros2/AutoCar/Ros-Project/ros2_term_project/install/ros2_term_project --editable --build-directory /home/ros2/AutoCar/Ros-Project/ros2_term_project/build/ros2_term_project/build --no-deps install_data --install-dir /home/ros2/AutoCar/Ros-Project/ros2_term_project/install/ros2_term_project
[1.008s] running develop
[1.133s] running egg_info
[1.133s] creating ros2_term_project.egg-info
[1.134s] writing ros2_term_project.egg-info/PKG-INFO
[1.134s] writing dependency_links to ros2_term_project.egg-info/dependency_links.txt
[1.134s] writing entry points to ros2_term_project.egg-info/entry_points.txt
[1.134s] writing requirements to ros2_term_project.egg-info/requires.txt
[1.135s] writing top-level names to ros2_term_project.egg-info/top_level.txt
[1.136s] writing manifest file 'ros2_term_project.egg-info/SOURCES.txt'
[1.175s] reading manifest file 'ros2_term_project.egg-info/SOURCES.txt'
[1.176s] writing manifest file 'ros2_term_project.egg-info/SOURCES.txt'
[1.218s] running build_ext
[1.219s] Creating /home/ros2/AutoCar/Ros-Project/ros2_term_project/install/ros2_term_project/lib/python3.8/site-packages/site.py
[1.223s] Creating /home/ros2/AutoCar/Ros-Project/ros2_term_project/install/ros2_term_project/lib/python3.8/site-packages/ros2-term-project.egg-link (link to .)
[1.224s] 
[1.224s] Installed /home/ros2/AutoCar/Ros-Project/ros2_term_project/build/ros2_term_project
[1.225s] running install_data
[1.225s] creating /home/ros2/AutoCar/Ros-Project/ros2_term_project/install/ros2_term_project/share/ament_index
[1.225s] creating /home/ros2/AutoCar/Ros-Project/ros2_term_project/install/ros2_term_project/share/ament_index/resource_index
[1.225s] creating /home/ros2/AutoCar/Ros-Project/ros2_term_project/install/ros2_term_project/share/ament_index/resource_index/packages
[1.226s] copying resource/ros2_term_project -> /home/ros2/AutoCar/Ros-Project/ros2_term_project/install/ros2_term_project/share/ament_index/resource_index/packages
[1.226s] copying package.xml -> /home/ros2/AutoCar/Ros-Project/ros2_term_project/install/ros2_term_project/share/ros2_term_project
[1.226s] creating /home/ros2/AutoCar/Ros-Project/ros2_term_project/install/ros2_term_project/share/ros2_term_project/launch
[1.226s] copying launch/car_sim.launch.py -> /home/ros2/AutoCar/Ros-Project/ros2_term_project/install/ros2_term_project/share/ros2_term_project/launch
[1.226s] creating /home/ros2/AutoCar/Ros-Project/ros2_term_project/install/ros2_term_project/share/ros2_term_project/worlds
[1.227s] copying worlds/car_track.world.2 -> /home/ros2/AutoCar/Ros-Project/ros2_term_project/install/ros2_term_project/share/ros2_term_project/worlds
[1.227s] copying worlds/ros2_car_track_thick_lines.png -> /home/ros2/AutoCar/Ros-Project/ros2_term_project/install/ros2_term_project/share/ros2_term_project/worlds
[1.228s] copying worlds/car_track.world.1 -> /home/ros2/AutoCar/Ros-Project/ros2_term_project/install/ros2_term_project/share/ros2_term_project/worlds
[1.228s] copying worlds/ros2_car_track.png -> /home/ros2/AutoCar/Ros-Project/ros2_term_project/install/ros2_term_project/share/ros2_term_project/worlds
[1.228s] copying worlds/car_track.world -> /home/ros2/AutoCar/Ros-Project/ros2_term_project/install/ros2_term_project/share/ros2_term_project/worlds
[1.228s] copying worlds/course.material -> /home/ros2/AutoCar/Ros-Project/ros2_term_project/install/ros2_term_project/share/ros2_term_project/worlds
[1.228s] copying worlds/car_track.world.0 -> /home/ros2/AutoCar/Ros-Project/ros2_term_project/install/ros2_term_project/share/ros2_term_project/worlds
[1.269s] Invoked command in '/home/ros2/AutoCar/Ros-Project/ros2_term_project/build/ros2_term_project' returned '0': PYTHONPATH=/home/ros2/AutoCar/Ros-Project/ros2_term_project/install/ros2_term_project/lib/python3.8/site-packages:${PYTHONPATH} /usr/bin/python3 setup.py develop --prefix /home/ros2/AutoCar/Ros-Project/ros2_term_project/install/ros2_term_project --editable --build-directory /home/ros2/AutoCar/Ros-Project/ros2_term_project/build/ros2_term_project/build --no-deps install_data --install-dir /home/ros2/AutoCar/Ros-Project/ros2_term_project/install/ros2_term_project
