[0.645s] Invoking command in '/home/ros2/AutoCar/Ros-Project/ros2_term_project': PYTHONPATH=/home/ros2/AutoCar/Ros-Project/ros2_term_project/install/ros2_term_project/lib/python3.8/site-packages:${PYTHONPATH} /usr/bin/python3 setup.py egg_info --egg-base build/ros2_term_project build --build-base /home/ros2/AutoCar/Ros-Project/ros2_term_project/build/ros2_term_project/build install --prefix /home/ros2/AutoCar/Ros-Project/ros2_term_project/install/ros2_term_project --record /home/ros2/AutoCar/Ros-Project/ros2_term_project/build/ros2_term_project/install.log --single-version-externally-managed
[0.852s] running egg_info
[0.853s] writing build/ros2_term_project/ros2_term_project.egg-info/PKG-INFO
[0.853s] writing dependency_links to build/ros2_term_project/ros2_term_project.egg-info/dependency_links.txt
[0.853s] writing entry points to build/ros2_term_project/ros2_term_project.egg-info/entry_points.txt
[0.854s] writing requirements to build/ros2_term_project/ros2_term_project.egg-info/requires.txt
[0.854s] writing top-level names to build/ros2_term_project/ros2_term_project.egg-info/top_level.txt
[0.891s] reading manifest file 'build/ros2_term_project/ros2_term_project.egg-info/SOURCES.txt'
[0.892s] writing manifest file 'build/ros2_term_project/ros2_term_project.egg-info/SOURCES.txt'
[0.892s] running build
[0.893s] running build_py
[0.893s] running install
[0.894s] running install_lib
[0.895s] running install_data
[0.896s] copying launch/car_sim.launch.py -> /home/ros2/AutoCar/Ros-Project/ros2_term_project/install/ros2_term_project/share/ros2_term_project/launch
[0.896s] running install_egg_info
[0.898s] removing '/home/ros2/AutoCar/Ros-Project/ros2_term_project/install/ros2_term_project/lib/python3.8/site-packages/ros2_term_project-0.0.0-py3.8.egg-info' (and everything under it)
[0.898s] Copying build/ros2_term_project/ros2_term_project.egg-info to /home/ros2/AutoCar/Ros-Project/ros2_term_project/install/ros2_term_project/lib/python3.8/site-packages/ros2_term_project-0.0.0-py3.8.egg-info
[0.900s] running install_scripts
[0.916s] Installing my_controller_node script to /home/ros2/AutoCar/Ros-Project/ros2_term_project/install/ros2_term_project/lib/ros2_term_project
[0.917s] Installing my_subscriber_node script to /home/ros2/AutoCar/Ros-Project/ros2_term_project/install/ros2_term_project/lib/ros2_term_project
[0.917s] writing list of installed files to '/home/ros2/AutoCar/Ros-Project/ros2_term_project/build/ros2_term_project/install.log'
[0.943s] Invoked command in '/home/ros2/AutoCar/Ros-Project/ros2_term_project' returned '0': PYTHONPATH=/home/ros2/AutoCar/Ros-Project/ros2_term_project/install/ros2_term_project/lib/python3.8/site-packages:${PYTHONPATH} /usr/bin/python3 setup.py egg_info --egg-base build/ros2_term_project build --build-base /home/ros2/AutoCar/Ros-Project/ros2_term_project/build/ros2_term_project/build install --prefix /home/ros2/AutoCar/Ros-Project/ros2_term_project/install/ros2_term_project --record /home/ros2/AutoCar/Ros-Project/ros2_term_project/build/ros2_term_project/install.log --single-version-externally-managed
