running egg_info
creating build/ros2_term_project/ros2_term_project.egg-info
writing build/ros2_term_project/ros2_term_project.egg-info/PKG-INFO
writing dependency_links to build/ros2_term_project/ros2_term_project.egg-info/dependency_links.txt
writing entry points to build/ros2_term_project/ros2_term_project.egg-info/entry_points.txt
writing requirements to build/ros2_term_project/ros2_term_project.egg-info/requires.txt
writing top-level names to build/ros2_term_project/ros2_term_project.egg-info/top_level.txt
writing manifest file 'build/ros2_term_project/ros2_term_project.egg-info/SOURCES.txt'
reading manifest file 'build/ros2_term_project/ros2_term_project.egg-info/SOURCES.txt'
writing manifest file 'build/ros2_term_project/ros2_term_project.egg-info/SOURCES.txt'
running build
running build_py
creating /home/ros2/AutoCar/Ros-Project/ros2_term_project/build/ros2_term_project/build
creating /home/ros2/AutoCar/Ros-Project/ros2_term_project/build/ros2_term_project/build/lib
creating /home/ros2/AutoCar/Ros-Project/ros2_term_project/build/ros2_term_project/build/lib/ros2_term_project
copying ros2_term_project/__init__.py -> /home/ros2/AutoCar/Ros-Project/ros2_term_project/build/ros2_term_project/build/lib/ros2_term_project
running install
running install_lib
creating /home/ros2/AutoCar/Ros-Project/ros2_term_project/install/ros2_term_project/lib/python3.8/site-packages/ros2_term_project
copying /home/ros2/AutoCar/Ros-Project/ros2_term_project/build/ros2_term_project/build/lib/ros2_term_project/__init__.py -> /home/ros2/AutoCar/Ros-Project/ros2_term_project/install/ros2_term_project/lib/python3.8/site-packages/ros2_term_project
byte-compiling /home/ros2/AutoCar/Ros-Project/ros2_term_project/install/ros2_term_project/lib/python3.8/site-packages/ros2_term_project/__init__.py to __init__.cpython-38.pyc
running install_data
creating /home/ros2/AutoCar/Ros-Project/ros2_term_project/install/ros2_term_project/share/ament_index
creating /home/ros2/AutoCar/Ros-Project/ros2_term_project/install/ros2_term_project/share/ament_index/resource_index
creating /home/ros2/AutoCar/Ros-Project/ros2_term_project/install/ros2_term_project/share/ament_index/resource_index/packages
copying resource/ros2_term_project -> /home/ros2/AutoCar/Ros-Project/ros2_term_project/install/ros2_term_project/share/ament_index/resource_index/packages
copying package.xml -> /home/ros2/AutoCar/Ros-Project/ros2_term_project/install/ros2_term_project/share/ros2_term_project
creating /home/ros2/AutoCar/Ros-Project/ros2_term_project/install/ros2_term_project/share/ros2_term_project/launch
copying launch/car_sim.launch.py -> /home/ros2/AutoCar/Ros-Project/ros2_term_project/install/ros2_term_project/share/ros2_term_project/launch
creating /home/ros2/AutoCar/Ros-Project/ros2_term_project/install/ros2_term_project/share/ros2_term_project/worlds
copying worlds/car_track.world.2 -> /home/ros2/AutoCar/Ros-Project/ros2_term_project/install/ros2_term_project/share/ros2_term_project/worlds
copying worlds/ros2_car_track_thick_lines.png -> /home/ros2/AutoCar/Ros-Project/ros2_term_project/install/ros2_term_project/share/ros2_term_project/worlds
copying worlds/car_track.world.1 -> /home/ros2/AutoCar/Ros-Project/ros2_term_project/install/ros2_term_project/share/ros2_term_project/worlds
copying worlds/ros2_car_track.png -> /home/ros2/AutoCar/Ros-Project/ros2_term_project/install/ros2_term_project/share/ros2_term_project/worlds
copying worlds/car_track.world -> /home/ros2/AutoCar/Ros-Project/ros2_term_project/install/ros2_term_project/share/ros2_term_project/worlds
copying worlds/course.material -> /home/ros2/AutoCar/Ros-Project/ros2_term_project/install/ros2_term_project/share/ros2_term_project/worlds
copying worlds/car_track.world.0 -> /home/ros2/AutoCar/Ros-Project/ros2_term_project/install/ros2_term_project/share/ros2_term_project/worlds
running install_egg_info
Copying build/ros2_term_project/ros2_term_project.egg-info to /home/ros2/AutoCar/Ros-Project/ros2_term_project/install/ros2_term_project/lib/python3.8/site-packages/ros2_term_project-0.0.0-py3.8.egg-info
running install_scripts
writing list of installed files to '/home/ros2/AutoCar/Ros-Project/ros2_term_project/build/ros2_term_project/install.log'
