[1.522s] Invoking command in '/home/ros2/AutoCar/Ros-Project/ros2_term_project': PYTHONPATH=/home/ros2/AutoCar/Ros-Project/ros2_term_project/install/ros2_term_project/lib/python3.8/site-packages:${PYTHONPATH} /usr/bin/python3 setup.py egg_info --egg-base build/ros2_term_project build --build-base /home/ros2/AutoCar/Ros-Project/ros2_term_project/build/ros2_term_project/build install --prefix /home/ros2/AutoCar/Ros-Project/ros2_term_project/install/ros2_term_project --record /home/ros2/AutoCar/Ros-Project/ros2_term_project/build/ros2_term_project/install.log --single-version-externally-managed
[1.946s] running egg_info
[1.947s] creating build/ros2_term_project/ros2_term_project.egg-info
[1.947s] writing build/ros2_term_project/ros2_term_project.egg-info/PKG-INFO
[1.948s] writing dependency_links to build/ros2_term_project/ros2_term_project.egg-info/dependency_links.txt
[1.949s] writing entry points to build/ros2_term_project/ros2_term_project.egg-info/entry_points.txt
[1.949s] writing requirements to build/ros2_term_project/ros2_term_project.egg-info/requires.txt
[1.949s] writing top-level names to build/ros2_term_project/ros2_term_project.egg-info/top_level.txt
[1.994s] writing manifest file 'build/ros2_term_project/ros2_term_project.egg-info/SOURCES.txt'
[2.066s] reading manifest file 'build/ros2_term_project/ros2_term_project.egg-info/SOURCES.txt'
[2.068s] writing manifest file 'build/ros2_term_project/ros2_term_project.egg-info/SOURCES.txt'
[2.069s] running build
[2.069s] running build_py
[2.070s] creating /home/ros2/AutoCar/Ros-Project/ros2_term_project/build/ros2_term_project/build
[2.070s] creating /home/ros2/AutoCar/Ros-Project/ros2_term_project/build/ros2_term_project/build/lib
[2.071s] creating /home/ros2/AutoCar/Ros-Project/ros2_term_project/build/ros2_term_project/build/lib/ros2_term_project
[2.071s] copying ros2_term_project/__init__.py -> /home/ros2/AutoCar/Ros-Project/ros2_term_project/build/ros2_term_project/build/lib/ros2_term_project
[2.072s] running install
[2.073s] running install_lib
[2.075s] creating /home/ros2/AutoCar/Ros-Project/ros2_term_project/install/ros2_term_project/lib/python3.8/site-packages/ros2_term_project
[2.075s] copying /home/ros2/AutoCar/Ros-Project/ros2_term_project/build/ros2_term_project/build/lib/ros2_term_project/__init__.py -> /home/ros2/AutoCar/Ros-Project/ros2_term_project/install/ros2_term_project/lib/python3.8/site-packages/ros2_term_project
[2.076s] byte-compiling /home/ros2/AutoCar/Ros-Project/ros2_term_project/install/ros2_term_project/lib/python3.8/site-packages/ros2_term_project/__init__.py to __init__.cpython-38.pyc
[2.079s] running install_data
[2.080s] creating /home/ros2/AutoCar/Ros-Project/ros2_term_project/install/ros2_term_project/share/ament_index
[2.081s] creating /home/ros2/AutoCar/Ros-Project/ros2_term_project/install/ros2_term_project/share/ament_index/resource_index
[2.081s] creating /home/ros2/AutoCar/Ros-Project/ros2_term_project/install/ros2_term_project/share/ament_index/resource_index/packages
[2.082s] copying resource/ros2_term_project -> /home/ros2/AutoCar/Ros-Project/ros2_term_project/install/ros2_term_project/share/ament_index/resource_index/packages
[2.082s] copying package.xml -> /home/ros2/AutoCar/Ros-Project/ros2_term_project/install/ros2_term_project/share/ros2_term_project
[2.082s] creating /home/ros2/AutoCar/Ros-Project/ros2_term_project/install/ros2_term_project/share/ros2_term_project/launch
[2.083s] copying launch/car_sim.launch.py -> /home/ros2/AutoCar/Ros-Project/ros2_term_project/install/ros2_term_project/share/ros2_term_project/launch
[2.083s] creating /home/ros2/AutoCar/Ros-Project/ros2_term_project/install/ros2_term_project/share/ros2_term_project/worlds
[2.084s] copying worlds/car_track.world.2 -> /home/ros2/AutoCar/Ros-Project/ros2_term_project/install/ros2_term_project/share/ros2_term_project/worlds
[2.084s] copying worlds/ros2_car_track_thick_lines.png -> /home/ros2/AutoCar/Ros-Project/ros2_term_project/install/ros2_term_project/share/ros2_term_project/worlds
[2.085s] copying worlds/car_track.world.1 -> /home/ros2/AutoCar/Ros-Project/ros2_term_project/install/ros2_term_project/share/ros2_term_project/worlds
[2.085s] copying worlds/ros2_car_track.png -> /home/ros2/AutoCar/Ros-Project/ros2_term_project/install/ros2_term_project/share/ros2_term_project/worlds
[2.086s] copying worlds/car_track.world -> /home/ros2/AutoCar/Ros-Project/ros2_term_project/install/ros2_term_project/share/ros2_term_project/worlds
[2.086s] copying worlds/course.material -> /home/ros2/AutoCar/Ros-Project/ros2_term_project/install/ros2_term_project/share/ros2_term_project/worlds
[2.086s] copying worlds/car_track.world.0 -> /home/ros2/AutoCar/Ros-Project/ros2_term_project/install/ros2_term_project/share/ros2_term_project/worlds
[2.087s] running install_egg_info
[2.089s] Copying build/ros2_term_project/ros2_term_project.egg-info to /home/ros2/AutoCar/Ros-Project/ros2_term_project/install/ros2_term_project/lib/python3.8/site-packages/ros2_term_project-0.0.0-py3.8.egg-info
[2.092s] running install_scripts
[2.125s] writing list of installed files to '/home/ros2/AutoCar/Ros-Project/ros2_term_project/build/ros2_term_project/install.log'
[2.159s] Invoked command in '/home/ros2/AutoCar/Ros-Project/ros2_term_project' returned '0': PYTHONPATH=/home/ros2/AutoCar/Ros-Project/ros2_term_project/install/ros2_term_project/lib/python3.8/site-packages:${PYTHONPATH} /usr/bin/python3 setup.py egg_info --egg-base build/ros2_term_project build --build-base /home/ros2/AutoCar/Ros-Project/ros2_term_project/build/ros2_term_project/build install --prefix /home/ros2/AutoCar/Ros-Project/ros2_term_project/install/ros2_term_project --record /home/ros2/AutoCar/Ros-Project/ros2_term_project/build/ros2_term_project/install.log --single-version-externally-managed
