running egg_info
writing build/ros2_term_project/ros2_term_project.egg-info/PKG-INFO
writing dependency_links to build/ros2_term_project/ros2_term_project.egg-info/dependency_links.txt
writing entry points to build/ros2_term_project/ros2_term_project.egg-info/entry_points.txt
writing requirements to build/ros2_term_project/ros2_term_project.egg-info/requires.txt
writing top-level names to build/ros2_term_project/ros2_term_project.egg-info/top_level.txt
reading manifest file 'build/ros2_term_project/ros2_term_project.egg-info/SOURCES.txt'
writing manifest file 'build/ros2_term_project/ros2_term_project.egg-info/SOURCES.txt'
running build
running build_py
running install
running install_lib
running install_data
copying worlds/car_track.world -> /home/ros2/AutoCar/Ros-Project/ros2_term_project/install/ros2_term_project/share/ros2_term_project/worlds
copying worlds/course.material -> /home/ros2/AutoCar/Ros-Project/ros2_term_project/install/ros2_term_project/share/ros2_term_project/worlds
running install_egg_info
removing '/home/ros2/AutoCar/Ros-Project/ros2_term_project/install/ros2_term_project/lib/python3.8/site-packages/ros2_term_project-0.0.0-py3.8.egg-info' (and everything under it)
Copying build/ros2_term_project/ros2_term_project.egg-info to /home/ros2/AutoCar/Ros-Project/ros2_term_project/install/ros2_term_project/lib/python3.8/site-packages/ros2_term_project-0.0.0-py3.8.egg-info
running install_scripts
Installing my_controller_node script to /home/ros2/AutoCar/Ros-Project/ros2_term_project/install/ros2_term_project/lib/ros2_term_project
Installing my_subscriber_node script to /home/ros2/AutoCar/Ros-Project/ros2_term_project/install/ros2_term_project/lib/ros2_term_project
writing list of installed files to '/home/ros2/AutoCar/Ros-Project/ros2_term_project/build/ros2_term_project/install.log'
