[1.357s] Invoking command in '/home/ros2/AutoCar/Ros-Project/ros2_term_project': PYTHONPATH=/home/ros2/AutoCar/Ros-Project/ros2_term_project/install/ros2_term_project/lib/python3.8/site-packages:${PYTHONPATH} /usr/bin/python3 setup.py egg_info --egg-base build/ros2_term_project build --build-base /home/ros2/AutoCar/Ros-Project/ros2_term_project/build/ros2_term_project/build install --prefix /home/ros2/AutoCar/Ros-Project/ros2_term_project/install/ros2_term_project --record /home/ros2/AutoCar/Ros-Project/ros2_term_project/build/ros2_term_project/install.log --single-version-externally-managed
[1.762s] running egg_info
[1.763s] writing build/ros2_term_project/ros2_term_project.egg-info/PKG-INFO
[1.764s] writing dependency_links to build/ros2_term_project/ros2_term_project.egg-info/dependency_links.txt
[1.764s] writing entry points to build/ros2_term_project/ros2_term_project.egg-info/entry_points.txt
[1.765s] writing requirements to build/ros2_term_project/ros2_term_project.egg-info/requires.txt
[1.766s] writing top-level names to build/ros2_term_project/ros2_term_project.egg-info/top_level.txt
[1.843s] reading manifest file 'build/ros2_term_project/ros2_term_project.egg-info/SOURCES.txt'
[1.845s] writing manifest file 'build/ros2_term_project/ros2_term_project.egg-info/SOURCES.txt'
[1.846s] running build
[1.846s] running build_py
[1.847s] running install
[1.848s] running install_lib
[1.850s] running install_data
[1.852s] running install_egg_info
[1.855s] removing '/home/ros2/AutoCar/Ros-Project/ros2_term_project/install/ros2_term_project/lib/python3.8/site-packages/ros2_term_project-0.0.0-py3.8.egg-info' (and everything under it)
[1.856s] Copying build/ros2_term_project/ros2_term_project.egg-info to /home/ros2/AutoCar/Ros-Project/ros2_term_project/install/ros2_term_project/lib/python3.8/site-packages/ros2_term_project-0.0.0-py3.8.egg-info
[1.859s] running install_scripts
[1.890s] writing list of installed files to '/home/ros2/AutoCar/Ros-Project/ros2_term_project/build/ros2_term_project/install.log'
[1.923s] Invoked command in '/home/ros2/AutoCar/Ros-Project/ros2_term_project' returned '0': PYTHONPATH=/home/ros2/AutoCar/Ros-Project/ros2_term_project/install/ros2_term_project/lib/python3.8/site-packages:${PYTHONPATH} /usr/bin/python3 setup.py egg_info --egg-base build/ros2_term_project build --build-base /home/ros2/AutoCar/Ros-Project/ros2_term_project/build/ros2_term_project/build install --prefix /home/ros2/AutoCar/Ros-Project/ros2_term_project/install/ros2_term_project --record /home/ros2/AutoCar/Ros-Project/ros2_term_project/build/ros2_term_project/install.log --single-version-externally-managed
