[0.633s] Invoking command in '/home/ros2/AutoCar/Ros-Project/ros2_term_project': PYTHONPATH=/home/ros2/AutoCar/Ros-Project/ros2_term_project/install/ros2_term_project/lib/python3.8/site-packages:${PYTHONPATH} /usr/bin/python3 setup.py egg_info --egg-base build/ros2_term_project build --build-base /home/ros2/AutoCar/Ros-Project/ros2_term_project/build/ros2_term_project/build install --prefix /home/ros2/AutoCar/Ros-Project/ros2_term_project/install/ros2_term_project --record /home/ros2/AutoCar/Ros-Project/ros2_term_project/build/ros2_term_project/install.log --single-version-externally-managed
[0.838s] running egg_info
[0.838s] writing build/ros2_term_project/ros2_term_project.egg-info/PKG-INFO
[0.838s] writing dependency_links to build/ros2_term_project/ros2_term_project.egg-info/dependency_links.txt
[0.839s] writing entry points to build/ros2_term_project/ros2_term_project.egg-info/entry_points.txt
[0.839s] writing requirements to build/ros2_term_project/ros2_term_project.egg-info/requires.txt
[0.839s] writing top-level names to build/ros2_term_project/ros2_term_project.egg-info/top_level.txt
[0.875s] reading manifest file 'build/ros2_term_project/ros2_term_project.egg-info/SOURCES.txt'
[0.876s] writing manifest file 'build/ros2_term_project/ros2_term_project.egg-info/SOURCES.txt'
[0.876s] running build
[0.877s] running build_py
[0.877s] running install
[0.878s] running install_lib
[0.879s] running install_data
[0.880s] running install_egg_info
[0.882s] removing '/home/ros2/AutoCar/Ros-Project/ros2_term_project/install/ros2_term_project/lib/python3.8/site-packages/ros2_term_project-0.0.0-py3.8.egg-info' (and everything under it)
[0.882s] Copying build/ros2_term_project/ros2_term_project.egg-info to /home/ros2/AutoCar/Ros-Project/ros2_term_project/install/ros2_term_project/lib/python3.8/site-packages/ros2_term_project-0.0.0-py3.8.egg-info
[0.886s] running install_scripts
[0.903s] writing list of installed files to '/home/ros2/AutoCar/Ros-Project/ros2_term_project/build/ros2_term_project/install.log'
[0.926s] Invoked command in '/home/ros2/AutoCar/Ros-Project/ros2_term_project' returned '0': PYTHONPATH=/home/ros2/AutoCar/Ros-Project/ros2_term_project/install/ros2_term_project/lib/python3.8/site-packages:${PYTHONPATH} /usr/bin/python3 setup.py egg_info --egg-base build/ros2_term_project build --build-base /home/ros2/AutoCar/Ros-Project/ros2_term_project/build/ros2_term_project/build install --prefix /home/ros2/AutoCar/Ros-Project/ros2_term_project/install/ros2_term_project --record /home/ros2/AutoCar/Ros-Project/ros2_term_project/build/ros2_term_project/install.log --single-version-externally-managed
