[0.747s] Invoking command in '/home/ros2/AutoCar/Ros-Project/ros2_term_project': PYTHONPATH=/home/ros2/AutoCar/Ros-Project/ros2_term_project/install/ros2_term_project/lib/python3.8/site-packages:${PYTHONPATH} /usr/bin/python3 setup.py egg_info --egg-base build/ros2_term_project build --build-base /home/ros2/AutoCar/Ros-Project/ros2_term_project/build/ros2_term_project/build install --prefix /home/ros2/AutoCar/Ros-Project/ros2_term_project/install/ros2_term_project --record /home/ros2/AutoCar/Ros-Project/ros2_term_project/build/ros2_term_project/install.log --single-version-externally-managed
[0.980s] running egg_info
[0.980s] writing build/ros2_term_project/ros2_term_project.egg-info/PKG-INFO
[0.986s] writing dependency_links to build/ros2_term_project/ros2_term_project.egg-info/dependency_links.txt
[0.986s] writing entry points to build/ros2_term_project/ros2_term_project.egg-info/entry_points.txt
[0.987s] writing requirements to build/ros2_term_project/ros2_term_project.egg-info/requires.txt
[0.987s] writing top-level names to build/ros2_term_project/ros2_term_project.egg-info/top_level.txt
[1.031s] reading manifest file 'build/ros2_term_project/ros2_term_project.egg-info/SOURCES.txt'
[1.032s] writing manifest file 'build/ros2_term_project/ros2_term_project.egg-info/SOURCES.txt'
[1.033s] running build
[1.033s] running build_py
[1.033s] running install
[1.034s] running install_lib
[1.036s] running install_data
[1.036s] copying launch/car_sim.launch.py -> /home/ros2/AutoCar/Ros-Project/ros2_term_project/install/ros2_term_project/share/ros2_term_project/launch
[1.038s] running install_egg_info
[1.040s] removing '/home/ros2/AutoCar/Ros-Project/ros2_term_project/install/ros2_term_project/lib/python3.8/site-packages/ros2_term_project-0.0.0-py3.8.egg-info' (and everything under it)
[1.041s] Copying build/ros2_term_project/ros2_term_project.egg-info to /home/ros2/AutoCar/Ros-Project/ros2_term_project/install/ros2_term_project/lib/python3.8/site-packages/ros2_term_project-0.0.0-py3.8.egg-info
[1.046s] running install_scripts
[1.065s] writing list of installed files to '/home/ros2/AutoCar/Ros-Project/ros2_term_project/build/ros2_term_project/install.log'
[1.096s] Invoked command in '/home/ros2/AutoCar/Ros-Project/ros2_term_project' returned '0': PYTHONPATH=/home/ros2/AutoCar/Ros-Project/ros2_term_project/install/ros2_term_project/lib/python3.8/site-packages:${PYTHONPATH} /usr/bin/python3 setup.py egg_info --egg-base build/ros2_term_project build --build-base /home/ros2/AutoCar/Ros-Project/ros2_term_project/build/ros2_term_project/build install --prefix /home/ros2/AutoCar/Ros-Project/ros2_term_project/install/ros2_term_project --record /home/ros2/AutoCar/Ros-Project/ros2_term_project/build/ros2_term_project/install.log --single-version-externally-managed
