[0.600s] DEBUG:colcon:Command line arguments: ['/bin/colcon', 'build']
[0.600s] DEBUG:colcon:Parsed command line arguments: Namespace(allow_overriding=[], ament_cmake_args=None, base_paths=['.'], build_base='build', catkin_cmake_args=None, catkin_skip_building_tests=False, cmake_args=None, cmake_clean_cache=False, cmake_clean_first=False, cmake_force_configure=False, cmake_target=None, cmake_target_skip_unavailable=False, continue_on_error=False, event_handlers=None, executor='parallel', ignore_user_meta=False, install_base='install', log_base=None, log_level=None, main=<bound method BuildVerb.main of <colcon_core.verb.build.BuildVerb object at 0x7fad0e0788e0>>, merge_install=False, metas=['./colcon.meta'], packages_above=None, packages_above_and_dependencies=None, packages_above_depth=None, packages_end=None, packages_ignore=None, packages_ignore_regex=None, packages_select=None, packages_select_build_failed=False, packages_select_by_dep=None, packages_select_regex=None, packages_select_test_failures=False, packages_skip=None, packages_skip_build_finished=False, packages_skip_by_dep=None, packages_skip_regex=None, packages_skip_test_passed=False, packages_skip_up_to=None, packages_start=None, packages_up_to=None, packages_up_to_regex=None, parallel_workers=12, paths=None, symlink_install=False, test_result_base=None, verb_extension=<colcon_core.verb.build.BuildVerb object at 0x7fad0e0788e0>, verb_name='build', verb_parser=<colcon_defaults.argument_parser.defaults.DefaultArgumentsDecorator object at 0x7fad0e078e50>)
[0.718s] Level 1:colcon.colcon_core.package_discovery:discover_packages(colcon_meta) check parameters
[0.718s] Level 1:colcon.colcon_core.package_discovery:discover_packages(recursive) check parameters
[0.719s] Level 1:colcon.colcon_core.package_discovery:discover_packages(ignore) check parameters
[0.719s] Level 1:colcon.colcon_core.package_discovery:discover_packages(path) check parameters
[0.719s] Level 1:colcon.colcon_core.package_discovery:discover_packages(colcon_meta) discover
[0.719s] Level 1:colcon.colcon_core.package_discovery:discover_packages(recursive) discover
[0.719s] INFO:colcon.colcon_core.package_discovery:Crawling recursively for packages in '/home/ros2/AutoCar/Ros-Project/ros2_term_project'
[0.719s] Level 1:colcon.colcon_core.package_identification:_identify(.) by extensions ['ignore', 'ignore_ament_install']
[0.720s] Level 1:colcon.colcon_core.package_identification:_identify(.) by extension 'ignore'
[0.720s] Level 1:colcon.colcon_core.package_identification:_identify(.) by extension 'ignore_ament_install'
[0.720s] Level 1:colcon.colcon_core.package_identification:_identify(.) by extensions ['colcon_pkg']
[0.720s] Level 1:colcon.colcon_core.package_identification:_identify(.) by extension 'colcon_pkg'
[0.720s] Level 1:colcon.colcon_core.package_identification:_identify(.) by extensions ['colcon_meta']
[0.720s] Level 1:colcon.colcon_core.package_identification:_identify(.) by extension 'colcon_meta'
[0.721s] Level 1:colcon.colcon_core.package_identification:_identify(.) by extensions ['ros']
[0.721s] Level 1:colcon.colcon_core.package_identification:_identify(.) by extension 'ros'
[0.771s] DEBUG:colcon.colcon_core.package_identification:Package '.' with type 'ros.ament_python' and name 'ros2_term_project'
[0.771s] Level 1:colcon.colcon_core.package_discovery:discover_packages(recursive) using defaults
[0.772s] Level 1:colcon.colcon_core.package_discovery:discover_packages(ignore) discover
[0.772s] Level 1:colcon.colcon_core.package_discovery:discover_packages(ignore) using defaults
[0.772s] Level 1:colcon.colcon_core.package_discovery:discover_packages(path) discover
[0.772s] Level 1:colcon.colcon_core.package_discovery:discover_packages(path) using defaults
[0.840s] Level 1:colcon.colcon_core.package_discovery:discover_packages(prefix_path) check parameters
[0.840s] Level 1:colcon.colcon_core.package_discovery:discover_packages(prefix_path) discover
[0.854s] DEBUG:colcon.colcon_installed_package_information.package_discovery:Found 409 installed packages in /opt/ros/foxy
[0.878s] Level 1:colcon.colcon_core.package_discovery:discover_packages(prefix_path) using defaults
[1.098s] Level 5:colcon.colcon_core.verb:set package 'ros2_term_project' build argument 'cmake_args' from command line to 'None'
[1.098s] Level 5:colcon.colcon_core.verb:set package 'ros2_term_project' build argument 'cmake_target' from command line to 'None'
[1.098s] Level 5:colcon.colcon_core.verb:set package 'ros2_term_project' build argument 'cmake_target_skip_unavailable' from command line to 'False'
[1.098s] Level 5:colcon.colcon_core.verb:set package 'ros2_term_project' build argument 'cmake_clean_cache' from command line to 'False'
[1.098s] Level 5:colcon.colcon_core.verb:set package 'ros2_term_project' build argument 'cmake_clean_first' from command line to 'False'
[1.098s] Level 5:colcon.colcon_core.verb:set package 'ros2_term_project' build argument 'cmake_force_configure' from command line to 'False'
[1.098s] Level 5:colcon.colcon_core.verb:set package 'ros2_term_project' build argument 'ament_cmake_args' from command line to 'None'
[1.098s] Level 5:colcon.colcon_core.verb:set package 'ros2_term_project' build argument 'catkin_cmake_args' from command line to 'None'
[1.098s] Level 5:colcon.colcon_core.verb:set package 'ros2_term_project' build argument 'catkin_skip_building_tests' from command line to 'False'
[1.099s] DEBUG:colcon.colcon_core.verb:Building package 'ros2_term_project' with the following arguments: {'ament_cmake_args': None, 'build_base': '/home/ros2/AutoCar/Ros-Project/ros2_term_project/build/ros2_term_project', 'catkin_cmake_args': None, 'catkin_skip_building_tests': False, 'cmake_args': None, 'cmake_clean_cache': False, 'cmake_clean_first': False, 'cmake_force_configure': False, 'cmake_target': None, 'cmake_target_skip_unavailable': False, 'install_base': '/home/ros2/AutoCar/Ros-Project/ros2_term_project/install/ros2_term_project', 'merge_install': False, 'path': '/home/ros2/AutoCar/Ros-Project/ros2_term_project', 'symlink_install': False, 'test_result_base': None}
[1.100s] INFO:colcon.colcon_core.executor:Executing jobs using 'parallel' executor
[1.110s] DEBUG:colcon.colcon_parallel_executor.executor.parallel:run_until_complete
[1.110s] INFO:colcon.colcon_ros.task.ament_python.build:Building ROS package in '/home/ros2/AutoCar/Ros-Project/ros2_term_project' with build type 'ament_python'
[1.110s] Level 1:colcon.colcon_core.shell:create_environment_hook('ros2_term_project', 'ament_prefix_path')
[1.169s] INFO:colcon.colcon_core.plugin_system:Skipping extension 'colcon_core.shell.bat': Not used on non-Windows systems
[1.170s] INFO:colcon.colcon_core.shell:Creating environment hook '/home/ros2/AutoCar/Ros-Project/ros2_term_project/install/ros2_term_project/share/ros2_term_project/hook/ament_prefix_path.ps1'
[1.174s] INFO:colcon.colcon_core.shell:Creating environment descriptor '/home/ros2/AutoCar/Ros-Project/ros2_term_project/install/ros2_term_project/share/ros2_term_project/hook/ament_prefix_path.dsv'
[1.176s] INFO:colcon.colcon_core.shell:Creating environment hook '/home/ros2/AutoCar/Ros-Project/ros2_term_project/install/ros2_term_project/share/ros2_term_project/hook/ament_prefix_path.sh'
[1.181s] INFO:colcon.colcon_core.shell:Skip shell extension 'powershell' for command environment: Not usable outside of PowerShell
[1.181s] DEBUG:colcon.colcon_core.shell:Skip shell extension 'dsv' for command environment
[1.666s] INFO:colcon.colcon_core.task.python.build:Building Python package in '/home/ros2/AutoCar/Ros-Project/ros2_term_project'
[1.671s] INFO:colcon.colcon_core.shell:Skip shell extension 'powershell' for command environment: Not usable outside of PowerShell
[1.671s] DEBUG:colcon.colcon_core.shell:Skip shell extension 'dsv' for command environment
[2.634s] DEBUG:colcon.colcon_core.event_handler.log_command:Invoking command in '/home/ros2/AutoCar/Ros-Project/ros2_term_project': PYTHONPATH=/home/ros2/AutoCar/Ros-Project/ros2_term_project/install/ros2_term_project/lib/python3.8/site-packages:${PYTHONPATH} /usr/bin/python3 setup.py egg_info --egg-base build/ros2_term_project build --build-base /home/ros2/AutoCar/Ros-Project/ros2_term_project/build/ros2_term_project/build install --prefix /home/ros2/AutoCar/Ros-Project/ros2_term_project/install/ros2_term_project --record /home/ros2/AutoCar/Ros-Project/ros2_term_project/build/ros2_term_project/install.log --single-version-externally-managed
[3.271s] DEBUG:colcon.colcon_core.event_handler.log_command:Invoked command in '/home/ros2/AutoCar/Ros-Project/ros2_term_project' returned '0': PYTHONPATH=/home/ros2/AutoCar/Ros-Project/ros2_term_project/install/ros2_term_project/lib/python3.8/site-packages:${PYTHONPATH} /usr/bin/python3 setup.py egg_info --egg-base build/ros2_term_project build --build-base /home/ros2/AutoCar/Ros-Project/ros2_term_project/build/ros2_term_project/build install --prefix /home/ros2/AutoCar/Ros-Project/ros2_term_project/install/ros2_term_project --record /home/ros2/AutoCar/Ros-Project/ros2_term_project/build/ros2_term_project/install.log --single-version-externally-managed
[3.296s] Level 1:colcon.colcon_core.environment:checking '/home/ros2/AutoCar/Ros-Project/ros2_term_project/install/ros2_term_project' for CMake module files
[3.297s] Level 1:colcon.colcon_core.environment:checking '/home/ros2/AutoCar/Ros-Project/ros2_term_project/install/ros2_term_project' for CMake config files
[3.298s] Level 1:colcon.colcon_core.environment:checking '/home/ros2/AutoCar/Ros-Project/ros2_term_project/install/ros2_term_project/lib'
[3.298s] Level 1:colcon.colcon_core.environment:checking '/home/ros2/AutoCar/Ros-Project/ros2_term_project/install/ros2_term_project/bin'
[3.299s] Level 1:colcon.colcon_core.environment:checking '/home/ros2/AutoCar/Ros-Project/ros2_term_project/install/ros2_term_project/lib/pkgconfig/ros2_term_project.pc'
[3.299s] Level 1:colcon.colcon_core.environment:checking '/home/ros2/AutoCar/Ros-Project/ros2_term_project/install/ros2_term_project/lib/python3.8/site-packages'
[3.299s] Level 1:colcon.colcon_core.shell:create_environment_hook('ros2_term_project', 'pythonpath')
[3.302s] INFO:colcon.colcon_core.shell:Creating environment hook '/home/ros2/AutoCar/Ros-Project/ros2_term_project/install/ros2_term_project/share/ros2_term_project/hook/pythonpath.ps1'
[3.303s] INFO:colcon.colcon_core.shell:Creating environment descriptor '/home/ros2/AutoCar/Ros-Project/ros2_term_project/install/ros2_term_project/share/ros2_term_project/hook/pythonpath.dsv'
[3.304s] INFO:colcon.colcon_core.shell:Creating environment hook '/home/ros2/AutoCar/Ros-Project/ros2_term_project/install/ros2_term_project/share/ros2_term_project/hook/pythonpath.sh'
[3.305s] Level 1:colcon.colcon_core.environment:checking '/home/ros2/AutoCar/Ros-Project/ros2_term_project/install/ros2_term_project/bin'
[3.305s] Level 1:colcon.colcon_core.environment:create_environment_scripts_only(ros2_term_project)
[3.309s] INFO:colcon.colcon_core.shell:Creating package script '/home/ros2/AutoCar/Ros-Project/ros2_term_project/install/ros2_term_project/share/ros2_term_project/package.ps1'
[3.311s] INFO:colcon.colcon_core.shell:Creating package descriptor '/home/ros2/AutoCar/Ros-Project/ros2_term_project/install/ros2_term_project/share/ros2_term_project/package.dsv'
[3.313s] INFO:colcon.colcon_core.shell:Creating package script '/home/ros2/AutoCar/Ros-Project/ros2_term_project/install/ros2_term_project/share/ros2_term_project/package.sh'
[3.315s] INFO:colcon.colcon_core.shell:Creating package script '/home/ros2/AutoCar/Ros-Project/ros2_term_project/install/ros2_term_project/share/ros2_term_project/package.bash'
[3.317s] INFO:colcon.colcon_core.shell:Creating package script '/home/ros2/AutoCar/Ros-Project/ros2_term_project/install/ros2_term_project/share/ros2_term_project/package.zsh'
[3.320s] Level 1:colcon.colcon_core.environment:create_file_with_runtime_dependencies(/home/ros2/AutoCar/Ros-Project/ros2_term_project/install/ros2_term_project/share/colcon-core/packages/ros2_term_project)
[3.322s] DEBUG:colcon.colcon_parallel_executor.executor.parallel:closing loop
[3.323s] DEBUG:colcon.colcon_parallel_executor.executor.parallel:loop closed
[3.323s] DEBUG:colcon.colcon_parallel_executor.executor.parallel:run_until_complete finished with '0'
[3.324s] DEBUG:colcon.colcon_core.event_reactor:joining thread
[3.350s] INFO:colcon.colcon_core.plugin_system:Skipping extension 'colcon_notification.desktop_notification.notify_send': Could not find 'notify-send'
[3.351s] INFO:colcon.colcon_core.plugin_system:Skipping extension 'colcon_notification.desktop_notification.terminal_notifier': Not used on non-Darwin systems
[3.351s] INFO:colcon.colcon_core.plugin_system:Skipping extension 'colcon_notification.desktop_notification.win32': Not used on non-Windows systems
[3.351s] INFO:colcon.colcon_notification.desktop_notification:Sending desktop notification using 'notify2'
[3.669s] DEBUG:colcon.colcon_core.event_reactor:joined thread
[3.673s] INFO:colcon.colcon_core.shell:Creating prefix script '/home/ros2/AutoCar/Ros-Project/ros2_term_project/install/local_setup.ps1'
[3.676s] INFO:colcon.colcon_core.shell:Creating prefix util module '/home/ros2/AutoCar/Ros-Project/ros2_term_project/install/_local_setup_util_ps1.py'
[3.679s] INFO:colcon.colcon_core.shell:Creating prefix chain script '/home/ros2/AutoCar/Ros-Project/ros2_term_project/install/setup.ps1'
[3.682s] INFO:colcon.colcon_core.shell:Creating prefix script '/home/ros2/AutoCar/Ros-Project/ros2_term_project/install/local_setup.sh'
[3.685s] INFO:colcon.colcon_core.shell:Creating prefix util module '/home/ros2/AutoCar/Ros-Project/ros2_term_project/install/_local_setup_util_sh.py'
[3.686s] INFO:colcon.colcon_core.shell:Creating prefix chain script '/home/ros2/AutoCar/Ros-Project/ros2_term_project/install/setup.sh'
[3.690s] INFO:colcon.colcon_core.shell:Creating prefix script '/home/ros2/AutoCar/Ros-Project/ros2_term_project/install/local_setup.bash'
[3.691s] INFO:colcon.colcon_core.shell:Creating prefix chain script '/home/ros2/AutoCar/Ros-Project/ros2_term_project/install/setup.bash'
[3.694s] INFO:colcon.colcon_core.shell:Creating prefix script '/home/ros2/AutoCar/Ros-Project/ros2_term_project/install/local_setup.zsh'
[3.696s] INFO:colcon.colcon_core.shell:Creating prefix chain script '/home/ros2/AutoCar/Ros-Project/ros2_term_project/install/setup.zsh'
