[0.941s] Invoking command in '/home/ros2/AutoCar/Ros-Project/ros2_term_project': PYTHONPATH=/home/ros2/AutoCar/Ros-Project/ros2_term_project/install/ros2_term_project/lib/python3.8/site-packages:${PYTHONPATH} /usr/bin/python3 setup.py egg_info --egg-base build/ros2_term_project build --build-base /home/ros2/AutoCar/Ros-Project/ros2_term_project/build/ros2_term_project/build install --prefix /home/ros2/AutoCar/Ros-Project/ros2_term_project/install/ros2_term_project --record /home/ros2/AutoCar/Ros-Project/ros2_term_project/build/ros2_term_project/install.log --single-version-externally-managed
[1.156s] running egg_info
[1.157s] writing build/ros2_term_project/ros2_term_project.egg-info/PKG-INFO
[1.170s] writing dependency_links to build/ros2_term_project/ros2_term_project.egg-info/dependency_links.txt
[1.171s] writing entry points to build/ros2_term_project/ros2_term_project.egg-info/entry_points.txt
[1.171s] writing requirements to build/ros2_term_project/ros2_term_project.egg-info/requires.txt
[1.171s] writing top-level names to build/ros2_term_project/ros2_term_project.egg-info/top_level.txt
[1.222s] reading manifest file 'build/ros2_term_project/ros2_term_project.egg-info/SOURCES.txt'
[1.224s] writing manifest file 'build/ros2_term_project/ros2_term_project.egg-info/SOURCES.txt'
[1.224s] running build
[1.224s] running build_py
[1.225s] running install
[1.225s] running install_lib
[1.228s] running install_data
[1.229s] copying launch/car_sim.launch.py -> /home/ros2/AutoCar/Ros-Project/ros2_term_project/install/ros2_term_project/share/ros2_term_project/launch
[1.230s] running install_egg_info
[1.232s] removing '/home/ros2/AutoCar/Ros-Project/ros2_term_project/install/ros2_term_project/lib/python3.8/site-packages/ros2_term_project-0.0.0-py3.8.egg-info' (and everything under it)
[1.235s] Copying build/ros2_term_project/ros2_term_project.egg-info to /home/ros2/AutoCar/Ros-Project/ros2_term_project/install/ros2_term_project/lib/python3.8/site-packages/ros2_term_project-0.0.0-py3.8.egg-info
[1.238s] running install_scripts
[1.258s] writing list of installed files to '/home/ros2/AutoCar/Ros-Project/ros2_term_project/build/ros2_term_project/install.log'
[1.292s] Invoked command in '/home/ros2/AutoCar/Ros-Project/ros2_term_project' returned '0': PYTHONPATH=/home/ros2/AutoCar/Ros-Project/ros2_term_project/install/ros2_term_project/lib/python3.8/site-packages:${PYTHONPATH} /usr/bin/python3 setup.py egg_info --egg-base build/ros2_term_project build --build-base /home/ros2/AutoCar/Ros-Project/ros2_term_project/build/ros2_term_project/build install --prefix /home/ros2/AutoCar/Ros-Project/ros2_term_project/install/ros2_term_project --record /home/ros2/AutoCar/Ros-Project/ros2_term_project/build/ros2_term_project/install.log --single-version-externally-managed
