[0.633s] Invoking command in '/home/ros2/AutoCar/Ros-Project/ros2_term_project': PYTHONPATH=/home/ros2/AutoCar/Ros-Project/ros2_term_project/install/ros2_term_project/lib/python3.8/site-packages:${PYTHONPATH} /usr/bin/python3 setup.py egg_info --egg-base build/ros2_term_project build --build-base /home/ros2/AutoCar/Ros-Project/ros2_term_project/build/ros2_term_project/build install --prefix /home/ros2/AutoCar/Ros-Project/ros2_term_project/install/ros2_term_project --record /home/ros2/AutoCar/Ros-Project/ros2_term_project/build/ros2_term_project/install.log --single-version-externally-managed
[0.820s] running egg_info
[0.820s] writing build/ros2_term_project/ros2_term_project.egg-info/PKG-INFO
[0.821s] writing dependency_links to build/ros2_term_project/ros2_term_project.egg-info/dependency_links.txt
[0.821s] writing entry points to build/ros2_term_project/ros2_term_project.egg-info/entry_points.txt
[0.821s] writing requirements to build/ros2_term_project/ros2_term_project.egg-info/requires.txt
[0.821s] writing top-level names to build/ros2_term_project/ros2_term_project.egg-info/top_level.txt
[0.856s] reading manifest file 'build/ros2_term_project/ros2_term_project.egg-info/SOURCES.txt'
[0.857s] writing manifest file 'build/ros2_term_project/ros2_term_project.egg-info/SOURCES.txt'
[0.857s] running build
[0.857s] running build_py
[0.857s] copying ros2_term_project/my_controller_node.py -> /home/ros2/AutoCar/Ros-Project/ros2_term_project/build/ros2_term_project/build/lib/ros2_term_project
[0.857s] running install
[0.858s] running install_lib
[0.859s] copying /home/ros2/AutoCar/Ros-Project/ros2_term_project/build/ros2_term_project/build/lib/ros2_term_project/my_controller_node.py -> /home/ros2/AutoCar/Ros-Project/ros2_term_project/install/ros2_term_project/lib/python3.8/site-packages/ros2_term_project
[0.860s] byte-compiling /home/ros2/AutoCar/Ros-Project/ros2_term_project/install/ros2_term_project/lib/python3.8/site-packages/ros2_term_project/my_controller_node.py to my_controller_node.cpython-38.pyc
[0.861s] running install_data
[0.862s] copying ros2_term_project/my_controller_node.py -> /home/ros2/AutoCar/Ros-Project/ros2_term_project/install/ros2_term_project/share/ros2_term_project
[0.862s] running install_egg_info
[0.863s] removing '/home/ros2/AutoCar/Ros-Project/ros2_term_project/install/ros2_term_project/lib/python3.8/site-packages/ros2_term_project-0.0.0-py3.8.egg-info' (and everything under it)
[0.863s] Copying build/ros2_term_project/ros2_term_project.egg-info to /home/ros2/AutoCar/Ros-Project/ros2_term_project/install/ros2_term_project/lib/python3.8/site-packages/ros2_term_project-0.0.0-py3.8.egg-info
[0.865s] running install_scripts
[0.881s] Installing my_controller_node script to /home/ros2/AutoCar/Ros-Project/ros2_term_project/install/ros2_term_project/lib/ros2_term_project
[0.881s] Installing my_subscriber_node script to /home/ros2/AutoCar/Ros-Project/ros2_term_project/install/ros2_term_project/lib/ros2_term_project
[0.881s] writing list of installed files to '/home/ros2/AutoCar/Ros-Project/ros2_term_project/build/ros2_term_project/install.log'
[0.905s] Invoked command in '/home/ros2/AutoCar/Ros-Project/ros2_term_project' returned '0': PYTHONPATH=/home/ros2/AutoCar/Ros-Project/ros2_term_project/install/ros2_term_project/lib/python3.8/site-packages:${PYTHONPATH} /usr/bin/python3 setup.py egg_info --egg-base build/ros2_term_project build --build-base /home/ros2/AutoCar/Ros-Project/ros2_term_project/build/ros2_term_project/build install --prefix /home/ros2/AutoCar/Ros-Project/ros2_term_project/install/ros2_term_project --record /home/ros2/AutoCar/Ros-Project/ros2_term_project/build/ros2_term_project/install.log --single-version-externally-managed
